<?xml version="1.0" encoding="UTF-8"?>
<testsuite xmlns:xsi="http://www.w3.org/2001/XMLSchema-instance" xsi:noNamespaceSchemaLocation="https://maven.apache.org/surefire/maven-surefire-plugin/xsd/surefire-test-report.xsd" name="com.burdach.AppTest" time="0.413" tests="7" errors="0" skipped="0" failures="0">
  <properties>
    <property name="java.specification.version" value="22"/>
    <property name="sun.cpu.isalist" value="amd64"/>
    <property name="sun.jnu.encoding" value="GBK"/>
    <property name="java.class.path" value="E:\SowareEng\demo\target\test-classes;E:\SowareEng\demo\target\classes;C:\Users\Burdach\.m2\repository\junit\junit\4.11\junit-4.11.jar;C:\Users\Burdach\.m2\repository\org\hamcrest\hamcrest-core\1.3\hamcrest-core-1.3.jar;C:\Users\Burdach\.m2\repository\org\jgrapht\jgrapht-core\1.5.0\jgrapht-core-1.5.0.jar;C:\Users\Burdach\.m2\repository\org\jheaps\jheaps\0.13\jheaps-0.13.jar;C:\Users\Burdach\.m2\repository\org\graphstream\gs-core\2.0\gs-core-2.0.jar;C:\Users\Burdach\.m2\repository\org\graphstream\pherd\1.0\pherd-1.0.jar;C:\Users\Burdach\.m2\repository\org\graphstream\mbox2\1.0\mbox2-1.0.jar;C:\Users\Burdach\.m2\repository\org\graphstream\gs-ui-swing\2.0\gs-ui-swing-2.0.jar;"/>
    <property name="java.vm.vendor" value="Oracle Corporation"/>
    <property name="sun.arch.data.model" value="64"/>
    <property name="user.variant" value=""/>
    <property name="java.vendor.url" value="https://java.oracle.com/"/>
    <property name="user.timezone" value="Asia/Hong_Kong"/>
    <property name="os.name" value="Windows 11"/>
    <property name="java.vm.specification.version" value="22"/>
    <property name="user.country" value="CN"/>
    <property name="sun.java.launcher" value="SUN_STANDARD"/>
    <property name="sun.boot.library.path" value="C:\Program Files\Java\jdk-22\bin"/>
    <property name="sun.java.command" value="C:\Users\Burdach\AppData\Local\Temp\surefire2099099647456265379\surefirebooter3842822377760241134.jar C:\Users\Burdach\AppData\Local\Temp\surefire2099099647456265379 2024-06-14T23-57-10_636-jvmRun1 surefire7020457238208347318tmp surefire_08564259839257431345tmp"/>
    <property name="jdk.debug" value="release"/>
    <property name="test" value="com.burdach.AppTest"/>
    <property name="surefire.test.class.path" value="E:\SowareEng\demo\target\test-classes;E:\SowareEng\demo\target\classes;C:\Users\Burdach\.m2\repository\junit\junit\4.11\junit-4.11.jar;C:\Users\Burdach\.m2\repository\org\hamcrest\hamcrest-core\1.3\hamcrest-core-1.3.jar;C:\Users\Burdach\.m2\repository\org\jgrapht\jgrapht-core\1.5.0\jgrapht-core-1.5.0.jar;C:\Users\Burdach\.m2\repository\org\jheaps\jheaps\0.13\jheaps-0.13.jar;C:\Users\Burdach\.m2\repository\org\graphstream\gs-core\2.0\gs-core-2.0.jar;C:\Users\Burdach\.m2\repository\org\graphstream\pherd\1.0\pherd-1.0.jar;C:\Users\Burdach\.m2\repository\org\graphstream\mbox2\1.0\mbox2-1.0.jar;C:\Users\Burdach\.m2\repository\org\graphstream\gs-ui-swing\2.0\gs-ui-swing-2.0.jar;"/>
    <property name="sun.cpu.endian" value="little"/>
    <property name="user.home" value="C:\Users\Burdach"/>
    <property name="user.language" value="zh"/>
    <property name="java.specification.vendor" value="Oracle Corporation"/>
    <property name="java.version.date" value="2024-04-16"/>
    <property name="java.home" value="C:\Program Files\Java\jdk-22"/>
    <property name="file.separator" value="\"/>
    <property name="basedir" value="E:\SowareEng\demo"/>
    <property name="java.vm.compressedOopsMode" value="Zero based"/>
    <property name="line.separator" value="&#10;"/>
    <property name="java.vm.specification.vendor" value="Oracle Corporation"/>
    <property name="java.specification.name" value="Java Platform API Specification"/>
    <property name="surefire.real.class.path" value="C:\Users\Burdach\AppData\Local\Temp\surefire2099099647456265379\surefirebooter3842822377760241134.jar"/>
    <property name="user.script" value=""/>
    <property name="sun.management.compiler" value="HotSpot 64-Bit Tiered Compilers"/>
    <property name="java.runtime.version" value="22.0.1+8-16"/>
    <property name="user.name" value="Burdach"/>
    <property name="stdout.encoding" value="GBK"/>
    <property name="path.separator" value=";"/>
    <property name="os.version" value="10.0"/>
    <property name="java.runtime.name" value="OpenJDK Runtime Environment"/>
    <property name="file.encoding" value="UTF-8"/>
    <property name="java.vm.name" value="OpenJDK 64-Bit Server VM"/>
    <property name="maven.ext.class.path" value="C:\Users\Burdach\.vscode\extensions\oracle.oracle-java-22.0.1\nbcode\java\maven-nblib\netbeans-eventspy.jar"/>
    <property name="localRepository" value="C:\Users\Burdach\.m2\repository"/>
    <property name="java.vendor.url.bug" value="https://bugreport.java.com/bugreport/"/>
    <property name="java.io.tmpdir" value="C:\Users\Burdach\AppData\Local\Temp\"/>
    <property name="java.version" value="22.0.1"/>
    <property name="user.dir" value="E:\SowareEng\demo"/>
    <property name="os.arch" value="amd64"/>
    <property name="java.vm.specification.name" value="Java Virtual Machine Specification"/>
    <property name="sun.os.patch.level" value=""/>
    <property name="native.encoding" value="GBK"/>
    <property name="java.library.path" value="C:\Program Files\Java\jdk-22\bin;C:\Windows\Sun\Java\bin;C:\Windows\system32;C:\Windows;C:\Users\Burdach\anaconda3\condabin;C:\Program Files\Common Files\Oracle\Java\javapath;C:\Windows\system32;C:\Windows;C:\Windows\System32\Wbem;C:\Windows\System32\WindowsPowerShell\v1.0\;C:\Windows\System32\OpenSSH\;C:\Program Files (x86)\NVIDIA Corporation\PhysX\Common;C:\Program Files\dotnet\;C:\adb\platform-tools;C:\Windows/system32;C:\Windows;C:\Users\Burdach\anaconda3;C:\Users\Burdach\anaconda3\Scripts;C:\Users\Burdach\anaconda3\Library\bin;C:\Users\Burdach\anaconda3\Library\mingw-w64\bin;E:\apache-maven-3.9.6\bin;C:\Program Files\Git\cmd;E:\Tomcat\tomcat10\bin\;C:\Program Files\nodejs\;E:\nodejs\node_global;C:\Program Files\Java\jdk-22\bin;C:\Users\Burdach\scoop\shims;;C:\Program Files\NVIDIA Corporation\NVIDIA app\NvDLISR;C:\Users\Burdach\scoop\shims;C:\MinGW64\mingw64\bin;C:\Users\Burdach\AppData\Local\Microsoft\WindowsApps;E:\Microsoft VS Code\bin;C:\Users\Burdach\.dotnet\tools;C:\Users\Burdach\AppData\Local\Microsoft\WinGet\Packages\Schniz.fnm_Microsoft.Winget.Source_8wekyb3d8bbwe;;E:\IDEA\IntelliJ IDEA 2024.1.3\bin;;."/>
    <property name="java.vm.info" value="mixed mode, sharing"/>
    <property name="stderr.encoding" value="GBK"/>
    <property name="java.vendor" value="Oracle Corporation"/>
    <property name="java.vm.version" value="22.0.1+8-16"/>
    <property name="sun.io.unicode.encoding" value="UnicodeLittle"/>
    <property name="java.class.version" value="66.0"/>
  </properties>
  <testcase name="testEmptyGraph" classname="com.burdach.AppTest" time="0.085"/>
  <testcase name="testTwoNodesGraph" classname="com.burdach.AppTest" time="0.041"/>
  <testcase name="testNode1NotInGraph" classname="com.burdach.AppTest" time="0.067"/>
  <testcase name="testSameStartAndEndNode" classname="com.burdach.AppTest" time="0.05"/>
  <testcase name="testDirectPath" classname="com.burdach.AppTest" time="0.043"/>
  <testcase name="testMultiStepPath" classname="com.burdach.AppTest" time="0.046"/>
  <testcase name="testNode2NotInGraph" classname="com.burdach.AppTest" time="0.047"/>
</testsuite>